# JRE version: Java(TM) SE Runtime Environment (8.0_66-b17) (build 1.8.0_66-b17)
# Java VM: Java HotSpot(TM) 64-Bit Server VM (25.66-b17 mixed mode bsd-amd64 compressed oops)
Heap:
 PSYoungGen      total 385024K, used 28752K [0x0000000715580000, 0x000000072f300000, 0x00000007c0000000)
  eden space 376320K, 5% used [0x0000000715580000,0x000000071698fcc8,0x000000072c500000)
  from space 8704K, 94% used [0x000000072ea80000,0x000000072f2843e8,0x000000072f300000)
  to   space 17408K, 0% used [0x000000072d100000,0x000000072d100000,0x000000072e200000)
 ParOldGen       total 159232K, used 13135K [0x00000005c0000000, 0x00000005c9b80000, 0x0000000715580000)
  object space 159232K, 8% used [0x00000005c0000000,0x00000005c0cd3ee8,0x00000005c9b80000)
 Metaspace       used 64816K, capacity 65786K, committed 65920K, reserved 1105920K
  class space    used 9337K, capacity 9563K, committed 9600K, reserved 1048576K
GC Heap History (10 events):
Event: 3.994 GC heap before
{Heap before GC invocations=9 (full 2):
 PSYoungGen      total 184320K, used 171520K [0x0000000715580000, 0x0000000724c00000, 0x00000007c0000000)
  eden space 171520K, 100% used [0x0000000715580000,0x000000071fd00000,0x000000071fd00000)
  from space 12800K, 0% used [0x0000000720980000,0x0000000720980000,0x0000000721600000)
  to   space 12800K, 0% used [0x000000071fd00000,0x000000071fd00000,0x0000000720980000)
 ParOldGen       total 125952K, used 7207K [0x00000005c0000000, 0x00000005c7b00000, 0x0000000715580000)
  object space 125952K, 5% used [0x00000005c0000000,0x00000005c0709c58,0x00000005c7b00000)
 Metaspace       used 47956K, capacity 48174K, committed 48512K, reserved 1091584K
  class space    used 6414K, capacity 6489K, committed 6528K, reserved 1048576K
Event: 4.010 GC heap after
Heap after GC invocations=9 (full 2):
 PSYoungGen      total 184320K, used 12798K [0x0000000715580000, 0x0000000728a80000, 0x00000007c0000000)
  eden space 171520K, 0% used [0x0000000715580000,0x0000000715580000,0x000000071fd00000)
  from space 12800K, 99% used [0x000000071fd00000,0x000000072097f958,0x0000000720980000)
  to   space 16384K, 0% used [0x0000000727a80000,0x0000000727a80000,0x0000000728a80000)
 ParOldGen       total 125952K, used 9988K [0x00000005c0000000, 0x00000005c7b00000, 0x0000000715580000)
  object space 125952K, 7% used [0x00000005c0000000,0x00000005c09c1090,0x00000005c7b00000)
 Metaspace       used 47956K, capacity 48174K, committed 48512K, reserved 1091584K
  class space    used 6414K, capacity 6489K, committed 6528K, reserved 1048576K
}
Event: 5.155 GC heap before
{Heap before GC invocations=10 (full 2):
 PSYoungGen      total 184320K, used 184318K [0x0000000715580000, 0x0000000728a80000, 0x00000007c0000000)
  eden space 171520K, 100% used [0x0000000715580000,0x000000071fd00000,0x000000071fd00000)
  from space 12800K, 99% used [0x000000071fd00000,0x000000072097f958,0x0000000720980000)
  to   space 16384K, 0% used [0x0000000727a80000,0x0000000727a80000,0x0000000728a80000)
 ParOldGen       total 125952K, used 9988K [0x00000005c0000000, 0x00000005c7b00000, 0x0000000715580000)
  object space 125952K, 7% used [0x00000005c0000000,0x00000005c09c1090,0x00000005c7b00000)
 Metaspace       used 57920K, capacity 58286K, committed 58752K, reserved 1099776K
  class space    used 8375K, capacity 8489K, committed 8576K, reserved 1048576K
Event: 5.171 GC heap after
Heap after GC invocations=10 (full 2):
 PSYoungGen      total 294912K, used 15859K [0x0000000715580000, 0x0000000728a80000, 0x00000007c0000000)
  eden space 278528K, 0% used [0x0000000715580000,0x0000000715580000,0x0000000726580000)
  from space 16384K, 96% used [0x0000000727a80000,0x00000007289fcf30,0x0000000728a80000)
  to   space 18944K, 0% used [0x0000000726580000,0x0000000726580000,0x0000000727800000)
 ParOldGen       total 125952K, used 9996K [0x00000005c0000000, 0x00000005c7b00000, 0x0000000715580000)
  object space 125952K, 7% used [0x00000005c0000000,0x00000005c09c3090,0x00000005c7b00000)
 Metaspace       used 57920K, capacity 58286K, committed 58752K, reserved 1099776K
  class space    used 8375K, capacity 8489K, committed 8576K, reserved 1048576K
}
Event: 5.245 GC heap before
{Heap before GC invocations=11 (full 2):
 PSYoungGen      total 294912K, used 42784K [0x0000000715580000, 0x0000000728a80000, 0x00000007c0000000)
  eden space 278528K, 9% used [0x0000000715580000,0x0000000716fcb2f8,0x0000000726580000)
  from space 16384K, 96% used [0x0000000727a80000,0x00000007289fcf30,0x0000000728a80000)
  to   space 18944K, 0% used [0x0000000726580000,0x0000000726580000,0x0000000727800000)
 ParOldGen       total 125952K, used 9996K [0x00000005c0000000, 0x00000005c7b00000, 0x0000000715580000)
  object space 125952K, 7% used [0x00000005c0000000,0x00000005c09c3090,0x00000005c7b00000)
 Metaspace       used 58485K, capacity 58830K, committed 59136K, reserved 1099776K
  class space    used 8470K, capacity 8585K, committed 8704K, reserved 1048576K
Event: 5.250 GC heap after
Heap after GC invocations=11 (full 2):
 PSYoungGen      total 297472K, used 7229K [0x0000000715580000, 0x000000072fc00000, 0x00000007c0000000)
  eden space 278528K, 0% used [0x0000000715580000,0x0000000715580000,0x0000000726580000)
  from space 18944K, 38% used [0x0000000726580000,0x0000000726c8f740,0x0000000727800000)
  to   space 17920K, 0% used [0x000000072ea80000,0x000000072ea80000,0x000000072fc00000)
 ParOldGen       total 125952K, used 10004K [0x00000005c0000000, 0x00000005c7b00000, 0x0000000715580000)
  object space 125952K, 7% used [0x00000005c0000000,0x00000005c09c5090,0x00000005c7b00000)
 Metaspace       used 58485K, capacity 58830K, committed 59136K, reserved 1099776K
  class space    used 8470K, capacity 8585K, committed 8704K, reserved 1048576K
}
Event: 5.250 GC heap before
{Heap before GC invocations=12 (full 3):
 PSYoungGen      total 297472K, used 7229K [0x0000000715580000, 0x000000072fc00000, 0x00000007c0000000)
  eden space 278528K, 0% used [0x0000000715580000,0x0000000715580000,0x0000000726580000)
  from space 18944K, 38% used [0x0000000726580000,0x0000000726c8f740,0x0000000727800000)
  to   space 17920K, 0% used [0x000000072ea80000,0x000000072ea80000,0x000000072fc00000)
 ParOldGen       total 125952K, used 10004K [0x00000005c0000000, 0x00000005c7b00000, 0x0000000715580000)
  object space 125952K, 7% used [0x00000005c0000000,0x00000005c09c5090,0x00000005c7b00000)
 Metaspace       used 58485K, capacity 58830K, committed 59136K, reserved 1099776K
  class space    used 8470K, capacity 8585K, committed 8704K, reserved 1048576K
Event: 5.329 GC heap after
Heap after GC invocations=12 (full 3):
 PSYoungGen      total 297472K, used 0K [0x0000000715580000, 0x000000072fc00000, 0x00000007c0000000)
  eden space 278528K, 0% used [0x0000000715580000,0x0000000715580000,0x0000000726580000)
  from space 18944K, 0% used [0x0000000726580000,0x0000000726580000,0x0000000727800000)
  to   space 17920K, 0% used [0x000000072ea80000,0x000000072ea80000,0x000000072fc00000)
 ParOldGen       total 159232K, used 13127K [0x00000005c0000000, 0x00000005c9b80000, 0x0000000715580000)
  object space 159232K, 8% used [0x00000005c0000000,0x00000005c0cd1ee8,0x00000005c9b80000)
 Metaspace       used 58485K, capacity 58830K, committed 59136K, reserved 1099776K
  class space    used 8470K, capacity 8585K, committed 8704K, reserved 1048576K
}
Event: 6.674 GC heap before
{Heap before GC invocations=13 (full 3):
 PSYoungGen      total 297472K, used 275557K [0x0000000715580000, 0x000000072fc00000, 0x00000007c0000000)
  eden space 278528K, 98% used [0x0000000715580000,0x0000000726299698,0x0000000726580000)
  from space 18944K, 0% used [0x0000000726580000,0x0000000726580000,0x0000000727800000)
  to   space 17920K, 0% used [0x000000072ea80000,0x000000072ea80000,0x000000072fc00000)
 ParOldGen       total 159232K, used 13127K [0x00000005c0000000, 0x00000005c9b80000, 0x0000000715580000)
  object space 159232K, 8% used [0x00000005c0000000,0x00000005c0cd1ee8,0x00000005c9b80000)
 Metaspace       used 64756K, capacity 65714K, committed 65920K, reserved 1105920K
  class space    used 9329K, capacity 9551K, committed 9600K, reserved 1048576K
Event: 6.684 GC heap after
Heap after GC invocations=13 (full 3):
 PSYoungGen      total 385024K, used 8208K [0x0000000715580000, 0x000000072f300000, 0x00000007c0000000)
  eden space 376320K, 0% used [0x0000000715580000,0x0000000715580000,0x000000072c500000)
  from space 8704K, 94% used [0x000000072ea80000,0x000000072f2843e8,0x000000072f300000)
  to   space 17408K, 0% used [0x000000072d100000,0x000000072d100000,0x000000072e200000)
 ParOldGen       total 159232K, used 13135K [0x00000005c0000000, 0x00000005c9b80000, 0x0000000715580000)
  object space 159232K, 8% used [0x00000005c0000000,0x00000005c0cd3ee8,0x00000005c9b80000)
 Metaspace       used 64756K, capacity 65714K, committed 65920K, reserved 1105920K
  class space    used 9329K, capacity 9551K, committed 9600K, reserved 1048576K
}

